Start testing: Mar 18 01:00 CST
----------------------------------------------------------
1/2 Testing: UnitTests1
1/2 Test: UnitTests1
Command: "/home/shiroha/Workspace/cp/Ising_Spin/build/UnitTests1_catch2"
Directory: /home/shiroha/Workspace/cp/Ising_Spin/build
"UnitTests1" start time: Mar 18 01:00 CST
Output:
----------------------------------------------------------
Randomness seeded to: 307422083
===============================================================================
All tests passed (7 assertions in 1 test case)

<end of output>
Test time =   0.00 sec
----------------------------------------------------------
Test Passed.
"UnitTests1" end time: Mar 18 01:00 CST
"UnitTests1" time elapsed: 00:00:00
----------------------------------------------------------

2/2 Testing: UnitTests2
2/2 Test: UnitTests2
Command: "/home/shiroha/Workspace/cp/Ising_Spin/build/UnitTests2_catch2"
Directory: /home/shiroha/Workspace/cp/Ising_Spin/build
"UnitTests2" start time: Mar 18 01:00 CST
Output:
----------------------------------------------------------
Randomness seeded to: 488320279
===============================================================================
All tests passed (15 assertions in 3 test cases)

<end of output>
Test time =   0.00 sec
----------------------------------------------------------
Test Passed.
"UnitTests2" end time: Mar 18 01:00 CST
"UnitTests2" time elapsed: 00:00:00
----------------------------------------------------------

End testing: Mar 18 01:00 CST
